<?xml version="1.0" encoding="UTF-8"?>
<!-- Generated by org.testng.reporters.JUnitXMLReporter -->
<testsuite ignored="3" hostname="ATMECSBLRLT-138" failures="0" tests="1" name="Dependencies" time="0.048" errors="0" timestamp="2023-05-03T19:08:49 IST">
  <testcase classname="testng.basics.TestNGDependencies" name="fourthTest" time="0.009"/>
  <testcase classname="testng.basics.TestNGDependencies" name="thirdTest" time="0.0">
    <ignored/>
  </testcase> <!-- thirdTest -->
  <testcase classname="testng.basics.TestNGDependencies" name="doLogin" time="0.0">
    <ignored/>
  </testcase> <!-- doLogin -->
  <testcase classname="testng.basics.TestNGDependencies" name="doUserRegistration" time="0.0">
    <ignored/>
  </testcase> <!-- doUserRegistration -->
</testsuite> <!-- Dependencies -->
