<?xml version="1.0" encoding="UTF-8"?>
<testng-results ignored="3" total="4" passed="1" failed="0" skipped="0">
  <reporter-output>
  </reporter-output>
  <suite started-at="2023-05-03T19:08:49 IST" name="Functional Suite" finished-at="2023-05-03T19:08:49 IST" duration-ms="48">
    <groups>
      <group name="Atmecs">
        <method signature="TestNGDependencies.fourthTest()[pri:4, instance:testng.basics.TestNGDependencies@525b461a]" name="fourthTest" class="testng.basics.TestNGDependencies"/>
      </group> <!-- Atmecs -->
    </groups>
    <test started-at="2023-05-03T19:08:49 IST" name="Dependencies" finished-at="2023-05-03T19:08:49 IST" duration-ms="48">
      <class name="testng.basics.TestNGDependencies">
        <test-method signature="fourthTest()[pri:4, instance:testng.basics.TestNGDependencies@525b461a]" started-at="2023-05-03T19:08:49 IST" name="fourthTest" finished-at="2023-05-03T19:08:49 IST" duration-ms="9" status="PASS">
          <reporter-output>
          </reporter-output>
        </test-method> <!-- fourthTest -->
      </class> <!-- testng.basics.TestNGDependencies -->
    </test> <!-- Dependencies -->
  </suite> <!-- Functional Suite -->
</testng-results>
